logger/logger/build/Android_Qt_6_5_3_Clang_arm64_v8a-Debug/android-build/build/outputs/logs/manifest-merger-debug-report.txt
-- Merging decision tree log ---
manifest
ADDED from Android_Qt_6_5_3_Clang_arm64_v8a-Debug/android-build/AndroidManifest.xml:2:1-55:12
INJECTED from Android_Qt_6_5_3_Clang_arm64_v8a-Debug/android-build/AndroidManifest.xml:2:1-55:12
INJECTED from Android_Qt_6_5_3_Clang_arm64_v8a-Debug/android-build/AndroidManifest.xml:2:1-55:12
INJECTED from Android_Qt_6_5_3_Clang_arm64_v8a-Debug/android-build/AndroidManifest.xml:2:1-55:12
INJECTED from Android_Qt_6_5_3_Clang_arm64_v8a-Debug/android-build/AndroidManifest.xml:2:1-55:12
INJECTED from Android_Qt_6_5_3_Clang_arm64_v8a-Debug/android-build/AndroidManifest.xml:2:1-55:12
INJECTED from Android_Qt_6_5_3_Clang_arm64_v8a-Debug/android-build/AndroidManifest.xml:2:1-55:12
	package
		ADDED from Android_Qt_6_5_3_Clang_arm64_v8a-Debug/android-build/AndroidManifest.xml:3:5-43
		INJECTED from Android_Qt_6_5_3_Clang_arm64_v8a-Debug/android-build/AndroidManifest.xml
		INJECTED from Android_Qt_6_5_3_Clang_arm64_v8a-Debug/android-build/AndroidManifest.xml
	android:versionName
		ADDED from Android_Qt_6_5_3_Clang_arm64_v8a-Debug/android-build/AndroidManifest.xml:6:5-30
		INJECTED from Android_Qt_6_5_3_Clang_arm64_v8a-Debug/android-build/AndroidManifest.xml
		INJECTED from Android_Qt_6_5_3_Clang_arm64_v8a-Debug/android-build/AndroidManifest.xml
	xmlns:android
		ADDED from Android_Qt_6_5_3_Clang_arm64_v8a-Debug/android-build/AndroidManifest.xml:2:11-69
	android:versionCode
		ADDED from Android_Qt_6_5_3_Clang_arm64_v8a-Debug/android-build/AndroidManifest.xml:5:5-28
		INJECTED from Android_Qt_6_5_3_Clang_arm64_v8a-Debug/android-build/AndroidManifest.xml
		INJECTED from Android_Qt_6_5_3_Clang_arm64_v8a-Debug/android-build/AndroidManifest.xml
	android:installLocation
		ADDED from Android_Qt_6_5_3_Clang_arm64_v8a-Debug/android-build/AndroidManifest.xml:4:5-35
uses-permission#android.permission.INTERNET
ADDED from Android_Qt_6_5_3_Clang_arm64_v8a-Debug/android-build/AndroidManifest.xml:7:5-67
	android:name
		ADDED from Android_Qt_6_5_3_Clang_arm64_v8a-Debug/android-build/AndroidManifest.xml:7:22-64
uses-permission#android.permission.WRITE_EXTERNAL_STORAGE
ADDED from Android_Qt_6_5_3_Clang_arm64_v8a-Debug/android-build/AndroidManifest.xml:8:5-81
	android:name
		ADDED from Android_Qt_6_5_3_Clang_arm64_v8a-Debug/android-build/AndroidManifest.xml:8:22-78
uses-permission#android.permission.ACCESS_NETWORK_STATE
ADDED from Android_Qt_6_5_3_Clang_arm64_v8a-Debug/android-build/AndroidManifest.xml:9:5-79
	android:name
		ADDED from Android_Qt_6_5_3_Clang_arm64_v8a-Debug/android-build/AndroidManifest.xml:9:22-76
uses-permission#android.permission.ACCESS_FINE_LOCATION
ADDED from Android_Qt_6_5_3_Clang_arm64_v8a-Debug/android-build/AndroidManifest.xml:10:5-79
	android:name
		ADDED from Android_Qt_6_5_3_Clang_arm64_v8a-Debug/android-build/AndroidManifest.xml:10:22-76
uses-permission#android.permission.BLUETOOTH
ADDED from Android_Qt_6_5_3_Clang_arm64_v8a-Debug/android-build/AndroidManifest.xml:11:5-68
	android:name
		ADDED from Android_Qt_6_5_3_Clang_arm64_v8a-Debug/android-build/AndroidManifest.xml:11:22-65
uses-permission#android.permission.BLUETOOTH_ADMIN
ADDED from Android_Qt_6_5_3_Clang_arm64_v8a-Debug/android-build/AndroidManifest.xml:12:5-74
	android:name
		ADDED from Android_Qt_6_5_3_Clang_arm64_v8a-Debug/android-build/AndroidManifest.xml:12:22-71
uses-permission#android.permission.BLUETOOTH_SCAN
ADDED from Android_Qt_6_5_3_Clang_arm64_v8a-Debug/android-build/AndroidManifest.xml:13:5-73
	android:name
		ADDED from Android_Qt_6_5_3_Clang_arm64_v8a-Debug/android-build/AndroidManifest.xml:13:22-70
uses-permission#android.permission.BLUETOOTH_ADVERTISE
ADDED from Android_Qt_6_5_3_Clang_arm64_v8a-Debug/android-build/AndroidManifest.xml:14:5-78
	android:name
		ADDED from Android_Qt_6_5_3_Clang_arm64_v8a-Debug/android-build/AndroidManifest.xml:14:22-75
uses-permission#android.permission.BLUETOOTH_CONNECT
ADDED from Android_Qt_6_5_3_Clang_arm64_v8a-Debug/android-build/AndroidManifest.xml:15:5-76
	android:name
		ADDED from Android_Qt_6_5_3_Clang_arm64_v8a-Debug/android-build/AndroidManifest.xml:15:22-73
supports-screens
ADDED from Android_Qt_6_5_3_Clang_arm64_v8a-Debug/android-build/AndroidManifest.xml:17:5-21:39
	android:largeScreens
		ADDED from Android_Qt_6_5_3_Clang_arm64_v8a-Debug/android-build/AndroidManifest.xml:19:9-36
	android:smallScreens
		ADDED from Android_Qt_6_5_3_Clang_arm64_v8a-Debug/android-build/AndroidManifest.xml:21:9-36
	android:normalScreens
		ADDED from Android_Qt_6_5_3_Clang_arm64_v8a-Debug/android-build/AndroidManifest.xml:20:9-37
	android:anyDensity
		ADDED from Android_Qt_6_5_3_Clang_arm64_v8a-Debug/android-build/AndroidManifest.xml:18:9-34
application
ADDED from Android_Qt_6_5_3_Clang_arm64_v8a-Debug/android-build/AndroidManifest.xml:22:5-54:19
	android:requestLegacyExternalStorage
		ADDED from Android_Qt_6_5_3_Clang_arm64_v8a-Debug/android-build/AndroidManifest.xml:26:9-52
	android:label
		ADDED from Android_Qt_6_5_3_Clang_arm64_v8a-Debug/android-build/AndroidManifest.xml:25:9-31
	android:hardwareAccelerated
		ADDED from Android_Qt_6_5_3_Clang_arm64_v8a-Debug/android-build/AndroidManifest.xml:24:9-43
	android:allowBackup
		ADDED from Android_Qt_6_5_3_Clang_arm64_v8a-Debug/android-build/AndroidManifest.xml:28:9-35
	android:allowNativeHeapPointerTagging
		ADDED from Android_Qt_6_5_3_Clang_arm64_v8a-Debug/android-build/AndroidManifest.xml:27:9-54
	android:fullBackupOnly
		ADDED from Android_Qt_6_5_3_Clang_arm64_v8a-Debug/android-build/AndroidManifest.xml:29:9-39
	android:name
		ADDED from Android_Qt_6_5_3_Clang_arm64_v8a-Debug/android-build/AndroidManifest.xml:23:9-71
activity#org.qtproject.qt.android.bindings.QtActivity
ADDED from Android_Qt_6_5_3_Clang_arm64_v8a-Debug/android-build/AndroidManifest.xml:30:9-53:20
	android:screenOrientation
		ADDED from Android_Qt_6_5_3_Clang_arm64_v8a-Debug/android-build/AndroidManifest.xml:35:13-52
	android:label
		ADDED from Android_Qt_6_5_3_Clang_arm64_v8a-Debug/android-build/AndroidManifest.xml:33:13-35
	android:launchMode
		ADDED from Android_Qt_6_5_3_Clang_arm64_v8a-Debug/android-build/AndroidManifest.xml:34:13-43
	android:exported
		ADDED from Android_Qt_6_5_3_Clang_arm64_v8a-Debug/android-build/AndroidManifest.xml:36:13-36
	android:configChanges
		ADDED from Android_Qt_6_5_3_Clang_arm64_v8a-Debug/android-build/AndroidManifest.xml:32:13-182
	android:name
		ADDED from Android_Qt_6_5_3_Clang_arm64_v8a-Debug/android-build/AndroidManifest.xml:31:13-72
intent-filter#action:name:android.intent.action.MAIN+category:name:android.intent.category.LAUNCHER
ADDED from Android_Qt_6_5_3_Clang_arm64_v8a-Debug/android-build/AndroidManifest.xml:37:13-40:29
action#android.intent.action.MAIN
ADDED from Android_Qt_6_5_3_Clang_arm64_v8a-Debug/android-build/AndroidManifest.xml:38:17-69
	android:name
		ADDED from Android_Qt_6_5_3_Clang_arm64_v8a-Debug/android-build/AndroidManifest.xml:38:25-66
category#android.intent.category.LAUNCHER
ADDED from Android_Qt_6_5_3_Clang_arm64_v8a-Debug/android-build/AndroidManifest.xml:39:17-77
	android:name
		ADDED from Android_Qt_6_5_3_Clang_arm64_v8a-Debug/android-build/AndroidManifest.xml:39:27-74
meta-data#android.app.lib_name
ADDED from Android_Qt_6_5_3_Clang_arm64_v8a-Debug/android-build/AndroidManifest.xml:42:11-44:42
	android:value
		ADDED from Android_Qt_6_5_3_Clang_arm64_v8a-Debug/android-build/AndroidManifest.xml:44:17-39
	android:name
		ADDED from Android_Qt_6_5_3_Clang_arm64_v8a-Debug/android-build/AndroidManifest.xml:43:17-52
meta-data#android.app.arguments
ADDED from Android_Qt_6_5_3_Clang_arm64_v8a-Debug/android-build/AndroidManifest.xml:46:11-48:36
	android:value
		ADDED from Android_Qt_6_5_3_Clang_arm64_v8a-Debug/android-build/AndroidManifest.xml:48:17-33
	android:name
		ADDED from Android_Qt_6_5_3_Clang_arm64_v8a-Debug/android-build/AndroidManifest.xml:47:17-53
meta-data#android.app.extract_android_style
ADDED from Android_Qt_6_5_3_Clang_arm64_v8a-Debug/android-build/AndroidManifest.xml:50:13-52:43
	android:value
		ADDED from Android_Qt_6_5_3_Clang_arm64_v8a-Debug/android-build/AndroidManifest.xml:52:17-40
	android:name
		ADDED from Android_Qt_6_5_3_Clang_arm64_v8a-Debug/android-build/AndroidManifest.xml:51:17-65
uses-sdk
INJECTED from Android_Qt_6_5_3_Clang_arm64_v8a-Debug/android-build/AndroidManifest.xml reason: use-sdk injection requested
INJECTED from Android_Qt_6_5_3_Clang_arm64_v8a-Debug/android-build/AndroidManifest.xml
INJECTED from Android_Qt_6_5_3_Clang_arm64_v8a-Debug/android-build/AndroidManifest.xml
INJECTED from Android_Qt_6_5_3_Clang_arm64_v8a-Debug/android-build/AndroidManifest.xml
INJECTED from Android_Qt_6_5_3_Clang_arm64_v8a-Debug/android-build/AndroidManifest.xml
	android:targetSdkVersion
		INJECTED from Android_Qt_6_5_3_Clang_arm64_v8a-Debug/android-build/AndroidManifest.xml
		ADDED from Android_Qt_6_5_3_Clang_arm64_v8a-Debug/android-build/AndroidManifest.xml
		INJECTED from Android_Qt_6_5_3_Clang_arm64_v8a-Debug/android-build/AndroidManifest.xml
	android:minSdkVersion
		INJECTED from Android_Qt_6_5_3_Clang_arm64_v8a-Debug/android-build/AndroidManifest.xml
		ADDED from Android_Qt_6_5_3_Clang_arm64_v8a-Debug/android-build/AndroidManifest.xml
		INJECTED from Android_Qt_6_5_3_Clang_arm64_v8a-Debug/android-build/AndroidManifest.xml